Using pre-set license
Built from '2020.3/staging' branch; Version is '2020.3.11f1 (99c7afb366b3) revision 10078127'; Using compiler version '192528614'; Build Type 'Release'
OS: 'Windows 10 Home; OS build 19042.1052; Version 2009; 64bit' Language: 'en' Physical Memory: 65399 MB
BatchMode: 1, IsHumanControllingUs: 0, StartBugReporterOnCrash: 0, Is64bit: 1, IsPro: 0

 COMMAND LINE ARGUMENTS:
C:\Program Files\Unity\Hub\Editor\2020.3.11f1\Editor\Unity.exe
-adb2
-batchMode
-noUpm
-name
AssetImportWorker0
-projectPath
E:/UnityRepos/MillionCubes
-logFile
Logs/AssetImportWorker0.log
-srvPort
63866
Successfully changed project path to: E:/UnityRepos/MillionCubes
E:/UnityRepos/MillionCubes
Using Asset Import Pipeline V2.
Refreshing native plugins compatible for Editor in 42.18 ms, found 3 plugins.
Preloading 0 native plugins for Editor in 0.00 ms.
Initialize engine version: 2020.3.11f1 (99c7afb366b3)
[Subsystems] Discovering subsystems at path C:/Program Files/Unity/Hub/Editor/2020.3.11f1/Editor/Data/Resources/UnitySubsystems
[Subsystems] Discovering subsystems at path E:/UnityRepos/MillionCubes/Assets
GfxDevice: creating device client; threaded=0
Direct3D:
    Version:  Direct3D 11.0 [level 11.1]
    Renderer: NVIDIA GeForce GTX 1660 SUPER (ID=0x21c4)
    Vendor:   
    VRAM:     5991 MB
    Driver:   27.21.14.6677
Shader 'Universal Render Pipeline/Particles/Lit': fallback shader 'Universal Render Pipeline/Particles/SimpleLit' not found
Initialize mono
Mono path[0] = 'C:/Program Files/Unity/Hub/Editor/2020.3.11f1/Editor/Data/Managed'
Mono path[1] = 'C:/Program Files/Unity/Hub/Editor/2020.3.11f1/Editor/Data/MonoBleedingEdge/lib/mono/unityjit'
Mono config path = 'C:/Program Files/Unity/Hub/Editor/2020.3.11f1/Editor/Data/MonoBleedingEdge/etc'
Using monoOptions --debugger-agent=transport=dt_socket,embedding=1,server=y,suspend=n,address=127.0.0.1:56236
Begin MonoManager ReloadAssembly
Registering precompiled unity dll's ...
Register platform support module: C:/Program Files/Unity/Hub/Editor/2020.3.11f1/Editor/Data/PlaybackEngines/WindowsStandaloneSupport/UnityEditor.WindowsStandalone.Extensions.dll
Registered in 0.001468 seconds.
Native extension for WindowsStandalone target not found
Refreshing native plugins compatible for Editor in 41.00 ms, found 3 plugins.
Preloading 0 native plugins for Editor in 0.00 ms.
Mono: successfully reloaded assembly
- Completed reload, in  1.441 seconds
Platform modules already initialized, skipping
Registering precompiled user dll's ...
Registered in 0.002183 seconds.
Begin MonoManager ReloadAssembly
Native extension for WindowsStandalone target not found
Refreshing native plugins compatible for Editor in 43.24 ms, found 3 plugins.
Preloading 0 native plugins for Editor in 0.00 ms.
Mono: successfully reloaded assembly
- Completed reload, in  0.956 seconds
Platform modules already initialized, skipping
========================================================================
Worker process is ready to serve import requests
Shader 'Universal Render Pipeline/Particles/Lit': fallback shader 'Universal Render Pipeline/Particles/SimpleLit' not found
Launched and connected shader compiler UnityShaderCompiler.exe after 0.04 seconds
Refreshing native plugins compatible for Editor in 0.49 ms, found 3 plugins.
Preloading 0 native plugins for Editor in 0.00 ms.
Unloading 2985 Unused Serialized files (Serialized files now loaded: 0)
System memory in use before: 133.5 MB.
System memory in use after: 131.2 MB.

Unloading 51 unused Assets to reduce memory usage. Loaded Objects now: 3390.
Total: 4.257900 ms (FindLiveObjects: 0.299400 ms CreateObjectMapping: 0.172300 ms MarkObjects: 2.505200 ms  DeleteObjects: 1.279900 ms)

========================================================================
Received Import Request.
  path: Assets/Scripts/Fruit.cs
  artifactKey: Guid(70588dd4e7b2cf640819a03b18afb571) Importer(815301076,1909f56bfc062723c751e8b465ee728b)
Start importing Assets/Scripts/Fruit.cs using Guid(70588dd4e7b2cf640819a03b18afb571) Importer(815301076,1909f56bfc062723c751e8b465ee728b)  -> (artifact id: 'cbcd45a9284c5f647b05934bb652730f') in 0.020809 seconds
  Import took 0.025084 seconds .

========================================================================
Received Import Request.
  Time since last request: 0.000800 seconds.
  path: Assets/Scripts/Fruit.cs
  artifactKey: Guid(70588dd4e7b2cf640819a03b18afb571) Importer(815301076,1909f56bfc062723c751e8b465ee728b)
Start importing Assets/Scripts/Fruit.cs using Guid(70588dd4e7b2cf640819a03b18afb571) Importer(815301076,1909f56bfc062723c751e8b465ee728b)  -> (artifact id: 'cbcd45a9284c5f647b05934bb652730f') in 0.001621 seconds
  Import took 0.005342 seconds .

========================================================================
Received Prepare
Registering precompiled user dll's ...
Registered in 0.002201 seconds.
Begin MonoManager ReloadAssembly
Native extension for WindowsStandalone target not found
Refreshing native plugins compatible for Editor in 0.49 ms, found 3 plugins.
Preloading 0 native plugins for Editor in 0.00 ms.
Mono: successfully reloaded assembly
- Completed reload, in  0.819 seconds
Platform modules already initialized, skipping
Switching build target platform(19) subTarget(0) extendedPlatform(0) -> platform(13) subTarget(537395200) extendedPlatform(0)
Shader 'Universal Render Pipeline/Particles/Lit': fallback shader 'Universal Render Pipeline/Particles/SimpleLit' not found
Refreshing native plugins compatible for Editor in 0.49 ms, found 3 plugins.
Preloading 0 native plugins for Editor in 0.00 ms.
Unloading 2891 Unused Serialized files (Serialized files now loaded: 0)
System memory in use before: 127.0 MB.
System memory in use after: 124.8 MB.

Unloading 46 unused Assets to reduce memory usage. Loaded Objects now: 3393.
Total: 3.031700 ms (FindLiveObjects: 0.233100 ms CreateObjectMapping: 0.111400 ms MarkObjects: 1.720400 ms  DeleteObjects: 0.963500 ms)

AssetImportParameters requested are different than current active one (requested -> active):
  custom:graphics/normal-map-encoding: 01000000000000000000000000000000 -> 02000000000000000000000000000000
========================================================================
Received Import Request.
  Time since last request: 204.279147 seconds.
  path: Assets/Scripts/Fruit.cs
  artifactKey: Guid(70588dd4e7b2cf640819a03b18afb571) Importer(815301076,1909f56bfc062723c751e8b465ee728b)
Start importing Assets/Scripts/Fruit.cs using Guid(70588dd4e7b2cf640819a03b18afb571) Importer(815301076,1909f56bfc062723c751e8b465ee728b)  -> (artifact id: 'f7773c34d3b9271df2afa8190fe1e478') in 0.004132 seconds
  Import took 0.007579 seconds .

========================================================================
Received Import Request.
  Time since last request: 8.001502 seconds.
  path: Assets/Resources/Materials
  artifactKey: Guid(d25e1b49fed8b1e438bb4f43cb4d831a) Importer(815301076,1909f56bfc062723c751e8b465ee728b)
Start importing Assets/Resources/Materials using Guid(d25e1b49fed8b1e438bb4f43cb4d831a) Importer(815301076,1909f56bfc062723c751e8b465ee728b)  -> (artifact id: '91e7b90ca116ca31f570d6b92f801b96') in 0.005589 seconds
  Import took 0.009345 seconds .

========================================================================
Received Import Request.
  Time since last request: 18.655961 seconds.
  path: Assets/Resources/Materials/Apple.mat
  artifactKey: Guid(a5a3e9c581b21294f913cc4dc2f9af71) Importer(815301076,1909f56bfc062723c751e8b465ee728b)
Start importing Assets/Resources/Materials/Apple.mat using Guid(a5a3e9c581b21294f913cc4dc2f9af71) Importer(815301076,1909f56bfc062723c751e8b465ee728b)  -> (artifact id: 'e78f44e38a5f7e0548d074d76ab19e25') in 1.037603 seconds
  Import took 1.041646 seconds .

========================================================================
Received Import Request.
  Time since last request: 7.803456 seconds.
  path: Assets/Resources/Materials/Shader Graphs_DissolveShader.mat
  artifactKey: Guid(cb4af586e318a964e9a9b8d168cd4f5f) Importer(815301076,1909f56bfc062723c751e8b465ee728b)
Start importing Assets/Resources/Materials/Shader Graphs_DissolveShader.mat using Guid(cb4af586e318a964e9a9b8d168cd4f5f) Importer(815301076,1909f56bfc062723c751e8b465ee728b)  -> (artifact id: '2a3887065465721b9ee96b01b8fef2ec') in 0.013015 seconds
  Import took 0.018354 seconds .

========================================================================
Received Import Request.
  Time since last request: 8.477483 seconds.
  path: Assets/Resources/Materials/Avacado.mat
  artifactKey: Guid(cb4af586e318a964e9a9b8d168cd4f5f) Importer(815301076,1909f56bfc062723c751e8b465ee728b)
Start importing Assets/Resources/Materials/Avacado.mat using Guid(cb4af586e318a964e9a9b8d168cd4f5f) Importer(815301076,1909f56bfc062723c751e8b465ee728b)  -> (artifact id: 'a2f8c749b014280fbe43fdd29565db91') in 0.017487 seconds
  Import took 0.022299 seconds .

========================================================================
Received Import Request.
  Time since last request: 4.934765 seconds.
  path: Assets/Resources/Materials/Avacado 1.mat
  artifactKey: Guid(34c26585c97a9ad4483d996f73bc514f) Importer(815301076,1909f56bfc062723c751e8b465ee728b)
Start importing Assets/Resources/Materials/Avacado 1.mat using Guid(34c26585c97a9ad4483d996f73bc514f) Importer(815301076,1909f56bfc062723c751e8b465ee728b)  -> (artifact id: '0d3a1303f93d99974e8527bb19b2a973') in 0.012323 seconds
  Import took 0.016295 seconds .

========================================================================
Received Import Request.
  Time since last request: 0.486665 seconds.
  path: Assets/Resources/Materials/Avacado 2.mat
  artifactKey: Guid(8bd666debfcd8e44082a9baf5d49591f) Importer(815301076,1909f56bfc062723c751e8b465ee728b)
Start importing Assets/Resources/Materials/Avacado 2.mat using Guid(8bd666debfcd8e44082a9baf5d49591f) Importer(815301076,1909f56bfc062723c751e8b465ee728b)  -> (artifact id: '3605948e062fc16089ad3d5d01908e96') in 0.020085 seconds
  Import took 0.024317 seconds .

========================================================================
Received Import Request.
  Time since last request: 0.473161 seconds.
  path: Assets/Resources/Materials/Avacado 3.mat
  artifactKey: Guid(750b2caff34adcb4db36381c4b9c5030) Importer(815301076,1909f56bfc062723c751e8b465ee728b)
Start importing Assets/Resources/Materials/Avacado 3.mat using Guid(750b2caff34adcb4db36381c4b9c5030) Importer(815301076,1909f56bfc062723c751e8b465ee728b)  -> (artifact id: '2ee2a6c9d8860cd06f0ffa784cad96c6') in 0.015200 seconds
  Import took 0.019350 seconds .

========================================================================
Received Import Request.
  Time since last request: 4.449599 seconds.
  path: Assets/Resources/Materials/Banana.mat
  artifactKey: Guid(34c26585c97a9ad4483d996f73bc514f) Importer(815301076,1909f56bfc062723c751e8b465ee728b)
Start importing Assets/Resources/Materials/Banana.mat using Guid(34c26585c97a9ad4483d996f73bc514f) Importer(815301076,1909f56bfc062723c751e8b465ee728b)  -> (artifact id: '94b3eae07ef6d73d2ddee2ae85c2e1e9') in 0.297503 seconds
  Import took 0.301367 seconds .

========================================================================
Received Import Request.
  Time since last request: 5.783477 seconds.
  path: Assets/Resources/Materials/Berry.mat
  artifactKey: Guid(8bd666debfcd8e44082a9baf5d49591f) Importer(815301076,1909f56bfc062723c751e8b465ee728b)
Start importing Assets/Resources/Materials/Berry.mat using Guid(8bd666debfcd8e44082a9baf5d49591f) Importer(815301076,1909f56bfc062723c751e8b465ee728b)  -> (artifact id: '28e4f4836d5ea9f0f8aa0b4d1e846dba') in 0.015127 seconds
  Import took 0.019321 seconds .

========================================================================
Received Import Request.
  Time since last request: 6.270967 seconds.
  path: Assets/Resources/Materials/CustardApple.mat
  artifactKey: Guid(750b2caff34adcb4db36381c4b9c5030) Importer(815301076,1909f56bfc062723c751e8b465ee728b)
Start importing Assets/Resources/Materials/CustardApple.mat using Guid(750b2caff34adcb4db36381c4b9c5030) Importer(815301076,1909f56bfc062723c751e8b465ee728b)  -> (artifact id: 'f6c007d0dfecdc2024d09e9c611d2555') in 0.012438 seconds
  Import took 0.016336 seconds .

========================================================================
Received Import Request.
  Time since last request: 3.672474 seconds.
  path: Assets/Resources/Materials/Grape.mat
  artifactKey: Guid(4e64a51d2b66fdf43be46134aa0a4bcb) Importer(815301076,1909f56bfc062723c751e8b465ee728b)
Start importing Assets/Resources/Materials/Grape.mat using Guid(4e64a51d2b66fdf43be46134aa0a4bcb) Importer(815301076,1909f56bfc062723c751e8b465ee728b)  -> (artifact id: '6f0deaa23b8db72a0d9a597bcf9637fe') in 0.010937 seconds
  Import took 0.014953 seconds .

========================================================================
Received Import Request.
  Time since last request: 4.808666 seconds.
  path: Assets/Assets/FruitsImages/Pomo/Cube_lambert1_AlbedoTransparency.png
  artifactKey: Guid(6c1bd78d246d3124399c81920963ac39) Importer(815301076,1909f56bfc062723c751e8b465ee728b)
Start importing Assets/Assets/FruitsImages/Pomo/Cube_lambert1_AlbedoTransparency.png using Guid(6c1bd78d246d3124399c81920963ac39) Importer(815301076,1909f56bfc062723c751e8b465ee728b)  -> (artifact id: 'f9db90d6b8323e8ac940bb7735af1b8c') in 0.055731 seconds
  Import took 0.059880 seconds .

========================================================================
Received Import Request.
  Time since last request: 0.000251 seconds.
  path: Assets/Assets/FruitsImages/Papaya/Cube_lambert1_AlbedoTransparency.png
  artifactKey: Guid(25f229486b458104a8a9c9acf4022331) Importer(815301076,1909f56bfc062723c751e8b465ee728b)
Start importing Assets/Assets/FruitsImages/Papaya/Cube_lambert1_AlbedoTransparency.png using Guid(25f229486b458104a8a9c9acf4022331) Importer(815301076,1909f56bfc062723c751e8b465ee728b)  -> (artifact id: '0be92fa063fb1d46b4ab53b3b9807a3d') in 0.027322 seconds
  Import took 0.031049 seconds .

========================================================================
Received Import Request.
  Time since last request: 0.000233 seconds.
  path: Assets/Assets/FruitsImages/Tom/Cube_lambert1_AlbedoTransparency.png
  artifactKey: Guid(09cde1507cd15974588ff1be8828072b) Importer(815301076,1909f56bfc062723c751e8b465ee728b)
Start importing Assets/Assets/FruitsImages/Tom/Cube_lambert1_AlbedoTransparency.png using Guid(09cde1507cd15974588ff1be8828072b) Importer(815301076,1909f56bfc062723c751e8b465ee728b)  -> (artifact id: '26716610b44c3c522d390151488785fd') in 0.030213 seconds
  Import took 0.033818 seconds .

========================================================================
Received Import Request.
  Time since last request: 0.000196 seconds.
  path: Assets/Assets/FruitsImages/Pineapple/Cube_lambert1_AlbedoTransparency.png
  artifactKey: Guid(fc3a4975b23c9fe48b6b608941222a64) Importer(815301076,1909f56bfc062723c751e8b465ee728b)
Start importing Assets/Assets/FruitsImages/Pineapple/Cube_lambert1_AlbedoTransparency.png using Guid(fc3a4975b23c9fe48b6b608941222a64) Importer(815301076,1909f56bfc062723c751e8b465ee728b)  -> (artifact id: 'd214fe12c9fd902e293c46c559887faf') in 0.016361 seconds
  Import took 0.020104 seconds .

========================================================================
Received Import Request.
  Time since last request: 0.002910 seconds.
  path: Assets/Assets/FruitsImages/Pineapple/Cube_lambert1_AlbedoTransparency.png
  artifactKey: Guid(fc3a4975b23c9fe48b6b608941222a64) Importer(815301076,1909f56bfc062723c751e8b465ee728b)
Start importing Assets/Assets/FruitsImages/Pineapple/Cube_lambert1_AlbedoTransparency.png using Guid(fc3a4975b23c9fe48b6b608941222a64) Importer(815301076,1909f56bfc062723c751e8b465ee728b)  -> (artifact id: 'd214fe12c9fd902e293c46c559887faf') in 0.022576 seconds
  Import took 0.026672 seconds .

========================================================================
Received Import Request.
  Time since last request: 0.488259 seconds.
  path: Assets/Assets/FruitsImages/Orange/Cube_lambert1_AlbedoTransparency.png
  artifactKey: Guid(fbf44eddb474a9249a598e24e5bb3035) Importer(815301076,1909f56bfc062723c751e8b465ee728b)
Start importing Assets/Assets/FruitsImages/Orange/Cube_lambert1_AlbedoTransparency.png using Guid(fbf44eddb474a9249a598e24e5bb3035) Importer(815301076,1909f56bfc062723c751e8b465ee728b)  -> (artifact id: '76d9c4edf278c925481e28acdea6a314') in 0.015904 seconds
  Import took 0.019755 seconds .

========================================================================
Received Import Request.
  Time since last request: 0.000201 seconds.
  path: Assets/Assets/FruitsImages/Mango/Cube_lambert1_AlbedoTransparency.png
  artifactKey: Guid(8031fec99a17f844aa0715b407fac070) Importer(815301076,1909f56bfc062723c751e8b465ee728b)
Start importing Assets/Assets/FruitsImages/Mango/Cube_lambert1_AlbedoTransparency.png using Guid(8031fec99a17f844aa0715b407fac070) Importer(815301076,1909f56bfc062723c751e8b465ee728b)  -> (artifact id: 'ca5ae7dca86776f5ff017115f972dce2') in 0.015956 seconds
  Import took 0.019442 seconds .

========================================================================
Received Import Request.
  Time since last request: 0.263151 seconds.
  path: Assets/Assets/FruitsImages/Watermelon/Cube_lambert1_AlbedoTransparency.png
  artifactKey: Guid(158665a1f58485540a2195518d4dbf56) Importer(815301076,1909f56bfc062723c751e8b465ee728b)
Start importing Assets/Assets/FruitsImages/Watermelon/Cube_lambert1_AlbedoTransparency.png using Guid(158665a1f58485540a2195518d4dbf56) Importer(815301076,1909f56bfc062723c751e8b465ee728b)  -> (artifact id: '80274a4e6e92cc43be95e1c4b435c7f7') in 0.016926 seconds
  Import took 0.039282 seconds .

========================================================================
Received Import Request.
  Time since last request: 0.000231 seconds.
  path: Assets/Assets/FruitsImages/Grape/Cube_lambert1_AlbedoTransparency.png
  artifactKey: Guid(3fee57245f8e6164d91def7ef83fc14e) Importer(815301076,1909f56bfc062723c751e8b465ee728b)
Start importing Assets/Assets/FruitsImages/Grape/Cube_lambert1_AlbedoTransparency.png using Guid(3fee57245f8e6164d91def7ef83fc14e) Importer(815301076,1909f56bfc062723c751e8b465ee728b)  -> (artifact id: '6c93dd5c59853b2bf60131ff540ffe51') in 0.016944 seconds
  Import took 0.020555 seconds .

========================================================================
Received Import Request.
  Time since last request: 0.000232 seconds.
  path: Assets/Assets/FruitsImages/Greenapple/Cube_lambert1_AlbedoTransparency.png
  artifactKey: Guid(548439d12477a7f44b33efa543ba1682) Importer(815301076,1909f56bfc062723c751e8b465ee728b)
Start importing Assets/Assets/FruitsImages/Greenapple/Cube_lambert1_AlbedoTransparency.png using Guid(548439d12477a7f44b33efa543ba1682) Importer(815301076,1909f56bfc062723c751e8b465ee728b)  -> (artifact id: '03a930f576e146e4de7f116082a1a202') in 0.016114 seconds
  Import took 0.019911 seconds .

========================================================================
Received Import Request.
  Time since last request: 0.000246 seconds.
  path: Assets/Assets/FruitsImages/Kiwi/Cube_lambert1_AlbedoTransparency.png
  artifactKey: Guid(f4bbb558c3a9f474cbc699e820cda7f3) Importer(815301076,1909f56bfc062723c751e8b465ee728b)
Start importing Assets/Assets/FruitsImages/Kiwi/Cube_lambert1_AlbedoTransparency.png using Guid(f4bbb558c3a9f474cbc699e820cda7f3) Importer(815301076,1909f56bfc062723c751e8b465ee728b)  -> (artifact id: 'b811998558634fb06882cf23b0392731') in 0.015463 seconds
  Import took 0.019292 seconds .

========================================================================
Received Import Request.
  Time since last request: 3.182762 seconds.
  path: Assets/Assets/FruitsImages/Custdapple/Cube_lambert1_AlbedoTransparency.png
  artifactKey: Guid(665ac3659a9e1c64989340692f2750fe) Importer(815301076,1909f56bfc062723c751e8b465ee728b)
Start importing Assets/Assets/FruitsImages/Custdapple/Cube_lambert1_AlbedoTransparency.png using Guid(665ac3659a9e1c64989340692f2750fe) Importer(815301076,1909f56bfc062723c751e8b465ee728b)  -> (artifact id: 'c195608a390b208cdc98a718171491d5') in 0.017237 seconds
  Import took 0.022318 seconds .

========================================================================
Received Import Request.
  Time since last request: 0.000237 seconds.
  path: Assets/Assets/FruitsImages/Strawberry/Cube_lambert1_AlbedoTransparency.png
  artifactKey: Guid(b591cc2e2097b554686f87ace8908b01) Importer(815301076,1909f56bfc062723c751e8b465ee728b)
Start importing Assets/Assets/FruitsImages/Strawberry/Cube_lambert1_AlbedoTransparency.png using Guid(b591cc2e2097b554686f87ace8908b01) Importer(815301076,1909f56bfc062723c751e8b465ee728b)  -> (artifact id: 'c35688eb734356ea2067eca25f938fbf') in 0.018566 seconds
  Import took 0.022663 seconds .

========================================================================
Received Import Request.
  Time since last request: 0.000244 seconds.
  path: Assets/Assets/FruitsImages/Berry/Cube_lambert1_AlbedoTransparency.png
  artifactKey: Guid(68675e1ef7a787844ac5b5fe6746511e) Importer(815301076,1909f56bfc062723c751e8b465ee728b)
Start importing Assets/Assets/FruitsImages/Berry/Cube_lambert1_AlbedoTransparency.png using Guid(68675e1ef7a787844ac5b5fe6746511e) Importer(815301076,1909f56bfc062723c751e8b465ee728b)  -> (artifact id: '139f85fb1cdbd985a290d5dfd9d0f925') in 0.018525 seconds
  Import took 0.022330 seconds .

========================================================================
Received Import Request.
  Time since last request: 0.000238 seconds.
  path: Assets/Assets/FruitsImages/Strawberry/Cube_lambert1_AlbedoTransparency.png
  artifactKey: Guid(b591cc2e2097b554686f87ace8908b01) Importer(815301076,1909f56bfc062723c751e8b465ee728b)
Start importing Assets/Assets/FruitsImages/Strawberry/Cube_lambert1_AlbedoTransparency.png using Guid(b591cc2e2097b554686f87ace8908b01) Importer(815301076,1909f56bfc062723c751e8b465ee728b)  -> (artifact id: 'c35688eb734356ea2067eca25f938fbf') in 0.019725 seconds
  Import took 0.023465 seconds .

========================================================================
Received Import Request.
  Time since last request: 0.288992 seconds.
  path: Assets/Assets/FruitsImages/Banana/Cube_lambert1_AlbedoTransparency.png
  artifactKey: Guid(6de290ada93de484eaf6c584a69a03c2) Importer(815301076,1909f56bfc062723c751e8b465ee728b)
Start importing Assets/Assets/FruitsImages/Banana/Cube_lambert1_AlbedoTransparency.png using Guid(6de290ada93de484eaf6c584a69a03c2) Importer(815301076,1909f56bfc062723c751e8b465ee728b)  -> (artifact id: '6d408b3c2efaff08a80a2d61f9e570dd') in 0.017329 seconds
  Import took 0.021229 seconds .

========================================================================
Received Import Request.
  Time since last request: 0.000216 seconds.
  path: Assets/Assets/FruitsImages/Apple/Cube_lambert1_AlbedoTransparency.png
  artifactKey: Guid(8620586ea012ce3478f1ba2b97f47dae) Importer(815301076,1909f56bfc062723c751e8b465ee728b)
Start importing Assets/Assets/FruitsImages/Apple/Cube_lambert1_AlbedoTransparency.png using Guid(8620586ea012ce3478f1ba2b97f47dae) Importer(815301076,1909f56bfc062723c751e8b465ee728b)  -> (artifact id: '125d61d25ee9df4fc0e1632909d7867e') in 0.019232 seconds
  Import took 0.023496 seconds .

========================================================================
Received Import Request.
  Time since last request: 0.009603 seconds.
  path: Assets/Assets/FruitsImages/Avcodo/Cube_lambert1_AlbedoTransparency.png
  artifactKey: Guid(1cbe1987a2e48d544bab190a33b9d3a1) Importer(815301076,1909f56bfc062723c751e8b465ee728b)
Start importing Assets/Assets/FruitsImages/Avcodo/Cube_lambert1_AlbedoTransparency.png using Guid(1cbe1987a2e48d544bab190a33b9d3a1) Importer(815301076,1909f56bfc062723c751e8b465ee728b)  -> (artifact id: 'f4d3fade53248a7d5ca0b91ae96670bb') in 0.019764 seconds
  Import took 0.024460 seconds .

========================================================================
Received Import Request.
  Time since last request: 1.604038 seconds.
  path: Assets/Assets/FruitsImages/Pomo/Cube_lambert1_MetallicSmoothness.png
  artifactKey: Guid(3f3dd7cc2e858c04aa951ddc9c48f0b9) Importer(815301076,1909f56bfc062723c751e8b465ee728b)
Start importing Assets/Assets/FruitsImages/Pomo/Cube_lambert1_MetallicSmoothness.png using Guid(3f3dd7cc2e858c04aa951ddc9c48f0b9) Importer(815301076,1909f56bfc062723c751e8b465ee728b)  -> (artifact id: '320c0565eff68e46906049dd5b95de5e') in 0.031184 seconds
  Import took 0.036778 seconds .

========================================================================
Received Import Request.
  Time since last request: 0.010161 seconds.
  path: Assets/Assets/FruitsImages/Pineapple/Cube_lambert1_MetallicSmoothness.png
  artifactKey: Guid(e1f58697ff120c342b38db9e2219fd7f) Importer(815301076,1909f56bfc062723c751e8b465ee728b)
Start importing Assets/Assets/FruitsImages/Pineapple/Cube_lambert1_MetallicSmoothness.png using Guid(e1f58697ff120c342b38db9e2219fd7f) Importer(815301076,1909f56bfc062723c751e8b465ee728b)  -> (artifact id: '577a7701df582809245b6bac6c661ab2') in 0.017055 seconds
  Import took 0.035669 seconds .

========================================================================
Received Import Request.
  Time since last request: 0.771171 seconds.
  path: Assets/Assets/FruitsImages/Papaya/Cube_lambert1_MetallicSmoothness.png
  artifactKey: Guid(79b176bed9f028e46b9e7dab122d3ccb) Importer(815301076,1909f56bfc062723c751e8b465ee728b)
Start importing Assets/Assets/FruitsImages/Papaya/Cube_lambert1_MetallicSmoothness.png using Guid(79b176bed9f028e46b9e7dab122d3ccb) Importer(815301076,1909f56bfc062723c751e8b465ee728b)  -> (artifact id: 'e018fd2d8453e1aea4726d72155a3e9d') in 0.016633 seconds
  Import took 0.021015 seconds .

========================================================================
Received Import Request.
  Time since last request: 0.000213 seconds.
  path: Assets/Assets/FruitsImages/Tom/Cube_lambert1_MetallicSmoothness.png
  artifactKey: Guid(992f7d13c7410b147b313e7244106d5e) Importer(815301076,1909f56bfc062723c751e8b465ee728b)
Start importing Assets/Assets/FruitsImages/Tom/Cube_lambert1_MetallicSmoothness.png using Guid(992f7d13c7410b147b313e7244106d5e) Importer(815301076,1909f56bfc062723c751e8b465ee728b)  -> (artifact id: '36dc66dfd205c54a56112742c92843da') in 0.021359 seconds
  Import took 0.024914 seconds .

========================================================================
Received Import Request.
  Time since last request: 1.185096 seconds.
  path: Assets/Assets/FruitsImages/Orange/Cube_lambert1_MetallicSmoothness.png
  artifactKey: Guid(e8d8866bf71e0b44a9f7f0c8757ae42f) Importer(815301076,1909f56bfc062723c751e8b465ee728b)
Start importing Assets/Assets/FruitsImages/Orange/Cube_lambert1_MetallicSmoothness.png using Guid(e8d8866bf71e0b44a9f7f0c8757ae42f) Importer(815301076,1909f56bfc062723c751e8b465ee728b)  -> (artifact id: '5c1426a4c2948b9ccf5b4aca2c02c1c7') in 0.016721 seconds
  Import took 0.021414 seconds .

========================================================================
Received Import Request.
  Time since last request: 0.000240 seconds.
  path: Assets/Assets/FruitsImages/Apple/Cube_lambert1_MetallicSmoothness.png
  artifactKey: Guid(82e1948dbd3583f449c9190c2363263e) Importer(815301076,1909f56bfc062723c751e8b465ee728b)
Start importing Assets/Assets/FruitsImages/Apple/Cube_lambert1_MetallicSmoothness.png using Guid(82e1948dbd3583f449c9190c2363263e) Importer(815301076,1909f56bfc062723c751e8b465ee728b)  -> (artifact id: 'b4c2d43d38c45ee3d76cd5c459c955b6') in 0.018746 seconds
  Import took 0.022460 seconds .

========================================================================
Received Import Request.
  Time since last request: 9.598655 seconds.
  path: Assets/Assets/FruitsImages/Apple/Cube_lambert1_Normal.png
  artifactKey: Guid(6f73fe81fd01f574babda7ee3ae27331) Importer(815301076,1909f56bfc062723c751e8b465ee728b)
Start importing Assets/Assets/FruitsImages/Apple/Cube_lambert1_Normal.png using Guid(6f73fe81fd01f574babda7ee3ae27331) Importer(815301076,1909f56bfc062723c751e8b465ee728b)  -> (artifact id: '7a6988b09b9b672cb4b23b131dfaa7da') in 0.019957 seconds
  Import took 0.024306 seconds .

========================================================================
Received Import Request.
  Time since last request: 25.691331 seconds.
  path: Assets/Assets/FruitsImages/Mango/Cube_lambert1_MetallicSmoothness.png
  artifactKey: Guid(8e6c3e9e69ad5d940a272cf3b80284da) Importer(815301076,1909f56bfc062723c751e8b465ee728b)
Start importing Assets/Assets/FruitsImages/Mango/Cube_lambert1_MetallicSmoothness.png using Guid(8e6c3e9e69ad5d940a272cf3b80284da) Importer(815301076,1909f56bfc062723c751e8b465ee728b)  -> (artifact id: '8706eb78fdfc96cd4f1869feec551858') in 0.016276 seconds
  Import took 0.020185 seconds .

========================================================================
Received Import Request.
  Time since last request: 0.000256 seconds.
  path: Assets/Assets/FruitsImages/Berry/Cube_lambert1_MetallicSmoothness.png
  artifactKey: Guid(465db55bc1e535147961e5c831323f4a) Importer(815301076,1909f56bfc062723c751e8b465ee728b)
Start importing Assets/Assets/FruitsImages/Berry/Cube_lambert1_MetallicSmoothness.png using Guid(465db55bc1e535147961e5c831323f4a) Importer(815301076,1909f56bfc062723c751e8b465ee728b)  -> (artifact id: '48a4eeab7ba13224eec5c5e631ddbc5b') in 0.021877 seconds
  Import took 0.025605 seconds .

========================================================================
Received Import Request.
  Time since last request: 0.267107 seconds.
  path: Assets/Assets/FruitsImages/Kiwi/Cube_lambert1_MetallicSmoothness.png
  artifactKey: Guid(4605c4816e8ef8645926d59792cd30c7) Importer(815301076,1909f56bfc062723c751e8b465ee728b)
Start importing Assets/Assets/FruitsImages/Kiwi/Cube_lambert1_MetallicSmoothness.png using Guid(4605c4816e8ef8645926d59792cd30c7) Importer(815301076,1909f56bfc062723c751e8b465ee728b)  -> (artifact id: '5b3a151105a0246057295231f09df88a') in 0.020004 seconds
  Import took 0.023944 seconds .

========================================================================
Received Import Request.
  Time since last request: 0.000228 seconds.
  path: Assets/Assets/FruitsImages/Avcodo/Cube_lambert1_MetallicSmoothness.png
  artifactKey: Guid(10aca120f96e2cc4cbf445d8be295c99) Importer(815301076,1909f56bfc062723c751e8b465ee728b)
Start importing Assets/Assets/FruitsImages/Avcodo/Cube_lambert1_MetallicSmoothness.png using Guid(10aca120f96e2cc4cbf445d8be295c99) Importer(815301076,1909f56bfc062723c751e8b465ee728b)  -> (artifact id: '6962e245f9d4fa182a3cddc01dbdc150') in 0.018673 seconds
  Import took 0.022050 seconds .

========================================================================
Received Import Request.
  Time since last request: 0.000259 seconds.
  path: Assets/Assets/FruitsImages/Greenapple/Cube_lambert1_MetallicSmoothness.png
  artifactKey: Guid(9df7f7b2ea519da46b14218338383f84) Importer(815301076,1909f56bfc062723c751e8b465ee728b)
Start importing Assets/Assets/FruitsImages/Greenapple/Cube_lambert1_MetallicSmoothness.png using Guid(9df7f7b2ea519da46b14218338383f84) Importer(815301076,1909f56bfc062723c751e8b465ee728b)  -> (artifact id: 'd3986abe5f53775748f05479075b8382') in 0.021008 seconds
  Import took 0.024862 seconds .

========================================================================
Received Import Request.
  Time since last request: 0.000230 seconds.
  path: Assets/Assets/FruitsImages/Watermelon/Cube_lambert1_MetallicSmoothness.png
  artifactKey: Guid(6f563d434e775f7479a1a38c0361d53b) Importer(815301076,1909f56bfc062723c751e8b465ee728b)
Start importing Assets/Assets/FruitsImages/Watermelon/Cube_lambert1_MetallicSmoothness.png using Guid(6f563d434e775f7479a1a38c0361d53b) Importer(815301076,1909f56bfc062723c751e8b465ee728b)  -> (artifact id: '54e50628f549292fb36bc81865945af9') in 0.015962 seconds
  Import took 0.019656 seconds .

========================================================================
Received Import Request.
  Time since last request: 0.217729 seconds.
  path: Assets/Assets/FruitsImages/Strawberry/Cube_lambert1_MetallicSmoothness.png
  artifactKey: Guid(a0639580e3b68864f932954a8151d0e9) Importer(815301076,1909f56bfc062723c751e8b465ee728b)
Start importing Assets/Assets/FruitsImages/Strawberry/Cube_lambert1_MetallicSmoothness.png using Guid(a0639580e3b68864f932954a8151d0e9) Importer(815301076,1909f56bfc062723c751e8b465ee728b)  -> (artifact id: '8fef32fb39c871dd524e69cb6bf7c655') in 0.018089 seconds
  Import took 0.023057 seconds .

========================================================================
Received Import Request.
  Time since last request: 0.000222 seconds.
  path: Assets/Assets/FruitsImages/Banana/Cube_lambert1_MetallicSmoothness.png
  artifactKey: Guid(fdb653533703db2428ff50c4d688099c) Importer(815301076,1909f56bfc062723c751e8b465ee728b)
Start importing Assets/Assets/FruitsImages/Banana/Cube_lambert1_MetallicSmoothness.png using Guid(fdb653533703db2428ff50c4d688099c) Importer(815301076,1909f56bfc062723c751e8b465ee728b)  -> (artifact id: 'aa2d396936c04a577f537c4890e4753c') in 0.017079 seconds
  Import took 0.020536 seconds .

========================================================================
Received Import Request.
  Time since last request: 0.000230 seconds.
  path: Assets/Assets/FruitsImages/Grape/Cube_lambert1_MetallicSmoothness.png
  artifactKey: Guid(eb8446b29f45275488241a3f989bea8d) Importer(815301076,1909f56bfc062723c751e8b465ee728b)
Start importing Assets/Assets/FruitsImages/Grape/Cube_lambert1_MetallicSmoothness.png using Guid(eb8446b29f45275488241a3f989bea8d) Importer(815301076,1909f56bfc062723c751e8b465ee728b)  -> (artifact id: '062fd46b7016cbf81d7dcc20f002a0c5') in 0.023127 seconds
  Import took 0.026996 seconds .

========================================================================
Received Import Request.
  Time since last request: 0.000170 seconds.
  path: Assets/Assets/FruitsImages/Custdapple/Cube_lambert1_MetallicSmoothness.png
  artifactKey: Guid(a7240391117c38f4586a7ae29f135b2e) Importer(815301076,1909f56bfc062723c751e8b465ee728b)
Start importing Assets/Assets/FruitsImages/Custdapple/Cube_lambert1_MetallicSmoothness.png using Guid(a7240391117c38f4586a7ae29f135b2e) Importer(815301076,1909f56bfc062723c751e8b465ee728b)  -> (artifact id: 'be718aca96756ab4553f43e3b46ba802') in 0.020195 seconds
  Import took 0.024058 seconds .

========================================================================
Received Import Request.
  Time since last request: 0.000220 seconds.
  path: Assets/Assets/FruitsImages/Grape/Cube_lambert1_MetallicSmoothness.png
  artifactKey: Guid(eb8446b29f45275488241a3f989bea8d) Importer(815301076,1909f56bfc062723c751e8b465ee728b)
Start importing Assets/Assets/FruitsImages/Grape/Cube_lambert1_MetallicSmoothness.png using Guid(eb8446b29f45275488241a3f989bea8d) Importer(815301076,1909f56bfc062723c751e8b465ee728b)  -> (artifact id: '062fd46b7016cbf81d7dcc20f002a0c5') in 0.018984 seconds
  Import took 0.022573 seconds .

========================================================================
Received Import Request.
  Time since last request: 0.000208 seconds.
  path: Assets/Assets/FruitsImages/Tom/Cube_lambert1_Normal.png
  artifactKey: Guid(d06a9f8c271e90b48944723df64aadf1) Importer(815301076,1909f56bfc062723c751e8b465ee728b)
Start importing Assets/Assets/FruitsImages/Tom/Cube_lambert1_Normal.png using Guid(d06a9f8c271e90b48944723df64aadf1) Importer(815301076,1909f56bfc062723c751e8b465ee728b)  -> (artifact id: 'd81a618f16abab25df7249b1fc34fecd') in 0.014440 seconds
  Import took 0.018086 seconds .

========================================================================
Received Import Request.
  Time since last request: 0.000204 seconds.
  path: Assets/Assets/FruitsImages/Watermelon/Cube_lambert1_Normal.png
  artifactKey: Guid(75a8639b004b9a24f8aedd372bd6cf29) Importer(815301076,1909f56bfc062723c751e8b465ee728b)
Start importing Assets/Assets/FruitsImages/Watermelon/Cube_lambert1_Normal.png using Guid(75a8639b004b9a24f8aedd372bd6cf29) Importer(815301076,1909f56bfc062723c751e8b465ee728b)  -> (artifact id: '8839b5ee38b355bf68bd5d8db73770f0') in 0.012359 seconds
  Import took 0.016219 seconds .

========================================================================
Received Import Request.
  Time since last request: 0.000226 seconds.
  path: Assets/Assets/FruitsImages/Strawberry/Cube_lambert1_Normal.png
  artifactKey: Guid(b91cfc0871c315247bd21892c4facc4c) Importer(815301076,1909f56bfc062723c751e8b465ee728b)
Start importing Assets/Assets/FruitsImages/Strawberry/Cube_lambert1_Normal.png using Guid(b91cfc0871c315247bd21892c4facc4c) Importer(815301076,1909f56bfc062723c751e8b465ee728b)  -> (artifact id: '73919322e6bed1b1d3768c1d655b5215') in 0.012281 seconds
  Import took 0.041524 seconds .

========================================================================
Received Import Request.
  Time since last request: 0.159864 seconds.
  path: Assets/Assets/FruitsImages/Orange/Cube_lambert1_Normal.png
  artifactKey: Guid(4d21ad1f846f39a43befe24b0ecd2690) Importer(815301076,1909f56bfc062723c751e8b465ee728b)
Start importing Assets/Assets/FruitsImages/Orange/Cube_lambert1_Normal.png using Guid(4d21ad1f846f39a43befe24b0ecd2690) Importer(815301076,1909f56bfc062723c751e8b465ee728b)  -> (artifact id: '52c6a4edee900f4d828743196a70cdc9') in 0.013959 seconds
  Import took 0.018650 seconds .

========================================================================
Received Import Request.
  Time since last request: 0.000241 seconds.
  path: Assets/Assets/FruitsImages/Pineapple/Cube_lambert1_Normal.png
  artifactKey: Guid(55146aa0b68525945be64772dfe63d8e) Importer(815301076,1909f56bfc062723c751e8b465ee728b)
Start importing Assets/Assets/FruitsImages/Pineapple/Cube_lambert1_Normal.png using Guid(55146aa0b68525945be64772dfe63d8e) Importer(815301076,1909f56bfc062723c751e8b465ee728b)  -> (artifact id: '1db04a8cda96a0c4c77cf949990dcdea') in 0.013073 seconds
  Import took 0.016825 seconds .

========================================================================
Received Import Request.
  Time since last request: 0.000339 seconds.
  path: Assets/Assets/FruitsImages/Pomo/Cube_lambert1_Normal.png
  artifactKey: Guid(2249095c943b5774e84eae69225ac16b) Importer(815301076,1909f56bfc062723c751e8b465ee728b)
Start importing Assets/Assets/FruitsImages/Pomo/Cube_lambert1_Normal.png using Guid(2249095c943b5774e84eae69225ac16b) Importer(815301076,1909f56bfc062723c751e8b465ee728b)  -> (artifact id: 'aa19ff120e460a3d8e6939f4afb3712f') in 0.012463 seconds
  Import took 0.017455 seconds .

========================================================================
Received Import Request.
  Time since last request: 0.000245 seconds.
  path: Assets/Assets/FruitsImages/Banana/Cube_lambert1_Normal.png
  artifactKey: Guid(0ae2c02192c738d49ac1e5a4cedc8687) Importer(815301076,1909f56bfc062723c751e8b465ee728b)
Start importing Assets/Assets/FruitsImages/Banana/Cube_lambert1_Normal.png using Guid(0ae2c02192c738d49ac1e5a4cedc8687) Importer(815301076,1909f56bfc062723c751e8b465ee728b)  -> (artifact id: '61695815669430f937eeff15f8cd3bc8') in 0.013234 seconds
  Import took 0.017635 seconds .

========================================================================
Received Import Request.
  Time since last request: 0.000211 seconds.
  path: Assets/Assets/FruitsImages/Avcodo/Cube_lambert1_Normal.png
  artifactKey: Guid(ceb9438736955e54fbf716b476eb992f) Importer(815301076,1909f56bfc062723c751e8b465ee728b)
Start importing Assets/Assets/FruitsImages/Avcodo/Cube_lambert1_Normal.png using Guid(ceb9438736955e54fbf716b476eb992f) Importer(815301076,1909f56bfc062723c751e8b465ee728b)  -> (artifact id: '06db04074f143c962b200cee7e51ff17') in 0.012142 seconds
  Import took 0.015936 seconds .

========================================================================
Received Import Request.
  Time since last request: 0.295580 seconds.
  path: Assets/Assets/FruitsImages/Berry/Cube_lambert1_Normal.png
  artifactKey: Guid(2366bd39decb42949a7ccfe8bbdcef22) Importer(815301076,1909f56bfc062723c751e8b465ee728b)
Start importing Assets/Assets/FruitsImages/Berry/Cube_lambert1_Normal.png using Guid(2366bd39decb42949a7ccfe8bbdcef22) Importer(815301076,1909f56bfc062723c751e8b465ee728b)  -> (artifact id: '376c365b33397a482dac4d4f1cf7f147') in 0.013457 seconds
  Import took 0.017978 seconds .

========================================================================
Received Import Request.
  Time since last request: 0.000247 seconds.
  path: Assets/Assets/FruitsImages/Custdapple/Cube_lambert1_Normal.png
  artifactKey: Guid(b2f73cc3883c694419d98b329545b4ac) Importer(815301076,1909f56bfc062723c751e8b465ee728b)
Start importing Assets/Assets/FruitsImages/Custdapple/Cube_lambert1_Normal.png using Guid(b2f73cc3883c694419d98b329545b4ac) Importer(815301076,1909f56bfc062723c751e8b465ee728b)  -> (artifact id: 'd35bba7d1e0c8d3ae6614c83c9552ea8') in 0.012846 seconds
  Import took 0.016751 seconds .

========================================================================
Received Import Request.
  Time since last request: 0.000265 seconds.
  path: Assets/Assets/FruitsImages/Greenapple/Cube_lambert1_Normal.png
  artifactKey: Guid(aac2b6c533406694894c6d3fcc58adaf) Importer(815301076,1909f56bfc062723c751e8b465ee728b)
Start importing Assets/Assets/FruitsImages/Greenapple/Cube_lambert1_Normal.png using Guid(aac2b6c533406694894c6d3fcc58adaf) Importer(815301076,1909f56bfc062723c751e8b465ee728b)  -> (artifact id: 'ff8cfbc733ec6144ac29e94d421afd4d') in 0.012991 seconds
  Import took 0.017244 seconds .

========================================================================
Received Import Request.
  Time since last request: 0.031831 seconds.
  path: Assets/Assets/FruitsImages/Kiwi/Cube_lambert1_Normal.png
  artifactKey: Guid(e67bda88ab8195d4e94c29350b8005fe) Importer(815301076,1909f56bfc062723c751e8b465ee728b)
Start importing Assets/Assets/FruitsImages/Kiwi/Cube_lambert1_Normal.png using Guid(e67bda88ab8195d4e94c29350b8005fe) Importer(815301076,1909f56bfc062723c751e8b465ee728b)  -> (artifact id: '6a0aaee260d5310401302ba746e992e6') in 0.011814 seconds
  Import took 0.015825 seconds .

========================================================================
Received Import Request.
  Time since last request: 0.000235 seconds.
  path: Assets/Assets/FruitsImages/Mango/Cube_lambert1_Normal.png
  artifactKey: Guid(dbac703f6c1c2fa4d8e94a7c6c362da5) Importer(815301076,1909f56bfc062723c751e8b465ee728b)
Start importing Assets/Assets/FruitsImages/Mango/Cube_lambert1_Normal.png using Guid(dbac703f6c1c2fa4d8e94a7c6c362da5) Importer(815301076,1909f56bfc062723c751e8b465ee728b)  -> (artifact id: '72fe4d23160ff2aa3eda19b590f01019') in 0.012059 seconds
  Import took 0.015640 seconds .

========================================================================
Received Import Request.
  Time since last request: 0.249642 seconds.
  path: Assets/Assets/FruitsImages/Papaya/Cube_lambert1_Normal.png
  artifactKey: Guid(63ba36495402db2448cad33e19f2c216) Importer(815301076,1909f56bfc062723c751e8b465ee728b)
Start importing Assets/Assets/FruitsImages/Papaya/Cube_lambert1_Normal.png using Guid(63ba36495402db2448cad33e19f2c216) Importer(815301076,1909f56bfc062723c751e8b465ee728b)  -> (artifact id: '8dc7feb6b0494565fa658e1e4f4b8f4e') in 0.012972 seconds
  Import took 0.016986 seconds .

========================================================================
Received Import Request.
  Time since last request: 0.000254 seconds.
  path: Assets/Assets/FruitsImages/Grape/Cube_lambert1_Normal.png
  artifactKey: Guid(b666cb6bfc55d464191bade7e047a4fb) Importer(815301076,1909f56bfc062723c751e8b465ee728b)
Start importing Assets/Assets/FruitsImages/Grape/Cube_lambert1_Normal.png using Guid(b666cb6bfc55d464191bade7e047a4fb) Importer(815301076,1909f56bfc062723c751e8b465ee728b)  -> (artifact id: 'c1f7ac30fe24f166b9d2220b1f32e4ea') in 0.013151 seconds
  Import took 0.017372 seconds .

========================================================================
Received Import Request.
  Time since last request: 0.000202 seconds.
  path: Assets/Assets/FruitsImages/Papaya/Cube_lambert1_Normal.png
  artifactKey: Guid(63ba36495402db2448cad33e19f2c216) Importer(815301076,1909f56bfc062723c751e8b465ee728b)
Start importing Assets/Assets/FruitsImages/Papaya/Cube_lambert1_Normal.png using Guid(63ba36495402db2448cad33e19f2c216) Importer(815301076,1909f56bfc062723c751e8b465ee728b)  -> (artifact id: '8dc7feb6b0494565fa658e1e4f4b8f4e') in 0.012120 seconds
  Import took 0.015977 seconds .

========================================================================
Received Import Request.
  Time since last request: 42.914268 seconds.
  path: Assets/Resources/Materials/Apple.mat
  artifactKey: Guid(a5a3e9c581b21294f913cc4dc2f9af71) Importer(815301076,1909f56bfc062723c751e8b465ee728b)
Start importing Assets/Resources/Materials/Apple.mat using Guid(a5a3e9c581b21294f913cc4dc2f9af71) Importer(815301076,1909f56bfc062723c751e8b465ee728b)  -> (artifact id: '9b0f8bb2691dd3f3c9a6226a3e8fb69d') in 0.019825 seconds
  Import took 0.024092 seconds .

========================================================================
Received Import Request.
  Time since last request: 0.000247 seconds.
  path: Assets/Resources/Materials/Avacado.mat
  artifactKey: Guid(cb4af586e318a964e9a9b8d168cd4f5f) Importer(815301076,1909f56bfc062723c751e8b465ee728b)
Start importing Assets/Resources/Materials/Avacado.mat using Guid(cb4af586e318a964e9a9b8d168cd4f5f) Importer(815301076,1909f56bfc062723c751e8b465ee728b)  -> (artifact id: '0a92b270007ab719ca35e991c3baa375') in 0.021151 seconds
  Import took 0.024687 seconds .

========================================================================
Received Import Request.
  Time since last request: 0.000240 seconds.
  path: Assets/Resources/Materials/Berry.mat
  artifactKey: Guid(8bd666debfcd8e44082a9baf5d49591f) Importer(815301076,1909f56bfc062723c751e8b465ee728b)
Start importing Assets/Resources/Materials/Berry.mat using Guid(8bd666debfcd8e44082a9baf5d49591f) Importer(815301076,1909f56bfc062723c751e8b465ee728b)  -> (artifact id: 'c6d76be3085aa1bf6209b4209ee93db5') in 0.020643 seconds
  Import took 0.024028 seconds .

========================================================================
Received Import Request.
  Time since last request: 0.000225 seconds.
  path: Assets/Resources/Materials/CustardApple.mat
  artifactKey: Guid(750b2caff34adcb4db36381c4b9c5030) Importer(815301076,1909f56bfc062723c751e8b465ee728b)
Start importing Assets/Resources/Materials/CustardApple.mat using Guid(750b2caff34adcb4db36381c4b9c5030) Importer(815301076,1909f56bfc062723c751e8b465ee728b)  -> (artifact id: 'bab024a18d0de724846540cd90b55f22') in 0.020395 seconds
  Import took 0.024029 seconds .

========================================================================
Received Import Request.
  Time since last request: 0.000232 seconds.
  path: Assets/Resources/Materials/Banana.mat
  artifactKey: Guid(34c26585c97a9ad4483d996f73bc514f) Importer(815301076,1909f56bfc062723c751e8b465ee728b)
Start importing Assets/Resources/Materials/Banana.mat using Guid(34c26585c97a9ad4483d996f73bc514f) Importer(815301076,1909f56bfc062723c751e8b465ee728b)  -> (artifact id: 'd6ed7b8ec5b5aca1c234faeaad0223fd') in 0.019197 seconds
  Import took 0.022887 seconds .

========================================================================
Received Import Request.
  Time since last request: 0.000236 seconds.
  path: Assets/Resources/Materials/Grape.mat
  artifactKey: Guid(4e64a51d2b66fdf43be46134aa0a4bcb) Importer(815301076,1909f56bfc062723c751e8b465ee728b)
Start importing Assets/Resources/Materials/Grape.mat using Guid(4e64a51d2b66fdf43be46134aa0a4bcb) Importer(815301076,1909f56bfc062723c751e8b465ee728b)  -> (artifact id: 'ef957aff863f54d39d39bb0adb08c0df') in 0.018158 seconds
  Import took 0.021722 seconds .

========================================================================
Received Import Request.
  Time since last request: 0.002377 seconds.
  path: Assets/Resources/Materials/Grape.mat
  artifactKey: Guid(4e64a51d2b66fdf43be46134aa0a4bcb) Importer(815301076,1909f56bfc062723c751e8b465ee728b)
Start importing Assets/Resources/Materials/Grape.mat using Guid(4e64a51d2b66fdf43be46134aa0a4bcb) Importer(815301076,1909f56bfc062723c751e8b465ee728b)  -> (artifact id: 'ef957aff863f54d39d39bb0adb08c0df') in 0.019389 seconds
  Import took 0.023169 seconds .

========================================================================
Received Prepare
Registering precompiled user dll's ...
Registered in 0.002176 seconds.
Begin MonoManager ReloadAssembly
Native extension for WindowsStandalone target not found
Refreshing native plugins compatible for Editor in 0.49 ms, found 3 plugins.
Preloading 0 native plugins for Editor in 0.00 ms.
Mono: successfully reloaded assembly
- Completed reload, in  0.874 seconds
Platform modules already initialized, skipping
Switching build target platform(19) subTarget(0) extendedPlatform(0) -> platform(13) subTarget(537395200) extendedPlatform(0)
Shader 'Universal Render Pipeline/Particles/Lit': fallback shader 'Universal Render Pipeline/Particles/SimpleLit' not found
Refreshing native plugins compatible for Editor in 0.50 ms, found 3 plugins.
Preloading 0 native plugins for Editor in 0.00 ms.
Unloading 2891 Unused Serialized files (Serialized files now loaded: 0)
System memory in use before: 132.5 MB.
System memory in use after: 130.3 MB.

Unloading 46 unused Assets to reduce memory usage. Loaded Objects now: 3476.
Total: 3.012800 ms (FindLiveObjects: 0.229200 ms CreateObjectMapping: 0.110000 ms MarkObjects: 1.745000 ms  DeleteObjects: 0.927700 ms)

AssetImportParameters requested are different than current active one (requested -> active):
  custom:graphics/normal-map-encoding: 01000000000000000000000000000000 -> 02000000000000000000000000000000
========================================================================
Received Prepare
Registering precompiled user dll's ...
Registered in 0.002138 seconds.
Begin MonoManager ReloadAssembly
Native extension for WindowsStandalone target not found
Refreshing native plugins compatible for Editor in 0.53 ms, found 3 plugins.
Preloading 0 native plugins for Editor in 0.00 ms.
Mono: successfully reloaded assembly
- Completed reload, in  0.861 seconds
Platform modules already initialized, skipping
Switching build target platform(19) subTarget(0) extendedPlatform(0) -> platform(13) subTarget(537395200) extendedPlatform(0)
Shader 'Universal Render Pipeline/Particles/Lit': fallback shader 'Universal Render Pipeline/Particles/SimpleLit' not found
Refreshing native plugins compatible for Editor in 0.49 ms, found 3 plugins.
Preloading 0 native plugins for Editor in 0.00 ms.
Unloading 2891 Unused Serialized files (Serialized files now loaded: 0)
System memory in use before: 132.6 MB.
System memory in use after: 130.4 MB.

Unloading 46 unused Assets to reduce memory usage. Loaded Objects now: 3479.
Total: 3.325800 ms (FindLiveObjects: 0.286600 ms CreateObjectMapping: 0.141100 ms MarkObjects: 1.857600 ms  DeleteObjects: 1.039600 ms)

AssetImportParameters requested are different than current active one (requested -> active):
  custom:graphics/normal-map-encoding: 01000000000000000000000000000000 -> 02000000000000000000000000000000
========================================================================
Received Prepare
Registering precompiled user dll's ...
Registered in 0.002174 seconds.
Begin MonoManager ReloadAssembly
Native extension for WindowsStandalone target not found
Refreshing native plugins compatible for Editor in 0.50 ms, found 3 plugins.
Preloading 0 native plugins for Editor in 0.00 ms.
Mono: successfully reloaded assembly
- Completed reload, in  0.856 seconds
Platform modules already initialized, skipping
Switching build target platform(19) subTarget(0) extendedPlatform(0) -> platform(13) subTarget(537395200) extendedPlatform(0)
Shader 'Universal Render Pipeline/Particles/Lit': fallback shader 'Universal Render Pipeline/Particles/SimpleLit' not found
Refreshing native plugins compatible for Editor in 0.50 ms, found 3 plugins.
Preloading 0 native plugins for Editor in 0.00 ms.
Unloading 2891 Unused Serialized files (Serialized files now loaded: 0)
System memory in use before: 132.6 MB.
System memory in use after: 130.4 MB.

Unloading 46 unused Assets to reduce memory usage. Loaded Objects now: 3482.
Total: 3.172700 ms (FindLiveObjects: 0.256300 ms CreateObjectMapping: 0.112200 ms MarkObjects: 1.745500 ms  DeleteObjects: 1.057400 ms)

AssetImportParameters requested are different than current active one (requested -> active):
  custom:graphics/normal-map-encoding: 01000000000000000000000000000000 -> 02000000000000000000000000000000
========================================================================
Received Import Request.
  Time since last request: 402.742926 seconds.
  path: Assets/Resources/FruitMat
  artifactKey: Guid(d25e1b49fed8b1e438bb4f43cb4d831a) Importer(815301076,1909f56bfc062723c751e8b465ee728b)
Start importing Assets/Resources/FruitMat using Guid(d25e1b49fed8b1e438bb4f43cb4d831a) Importer(815301076,1909f56bfc062723c751e8b465ee728b)  -> (artifact id: 'b457d2de60d0b7b6374573d7c61498c2') in 0.008169 seconds
  Import took 0.012127 seconds .

========================================================================
Received Prepare
Registering precompiled user dll's ...
Registered in 0.002319 seconds.
Begin MonoManager ReloadAssembly
Native extension for WindowsStandalone target not found
Refreshing native plugins compatible for Editor in 0.50 ms, found 3 plugins.
Preloading 0 native plugins for Editor in 0.00 ms.
Mono: successfully reloaded assembly
- Completed reload, in  0.863 seconds
Platform modules already initialized, skipping
Switching build target platform(19) subTarget(0) extendedPlatform(0) -> platform(13) subTarget(537395200) extendedPlatform(0)
Shader 'Universal Render Pipeline/Particles/Lit': fallback shader 'Universal Render Pipeline/Particles/SimpleLit' not found
Refreshing native plugins compatible for Editor in 0.49 ms, found 3 plugins.
Preloading 0 native plugins for Editor in 0.00 ms.
Unloading 2891 Unused Serialized files (Serialized files now loaded: 0)
System memory in use before: 132.6 MB.
System memory in use after: 130.4 MB.

Unloading 46 unused Assets to reduce memory usage. Loaded Objects now: 3485.
Total: 3.158700 ms (FindLiveObjects: 0.240500 ms CreateObjectMapping: 0.110500 ms MarkObjects: 1.743300 ms  DeleteObjects: 1.063600 ms)

AssetImportParameters requested are different than current active one (requested -> active):
  custom:graphics/normal-map-encoding: 01000000000000000000000000000000 -> 02000000000000000000000000000000
========================================================================
Received Prepare
Registering precompiled user dll's ...
Registered in 0.002104 seconds.
Begin MonoManager ReloadAssembly
Native extension for WindowsStandalone target not found
Refreshing native plugins compatible for Editor in 0.50 ms, found 3 plugins.
Preloading 0 native plugins for Editor in 0.00 ms.
Mono: successfully reloaded assembly
- Completed reload, in  0.870 seconds
Platform modules already initialized, skipping
Switching build target platform(19) subTarget(0) extendedPlatform(0) -> platform(13) subTarget(537395200) extendedPlatform(0)
Shader 'Universal Render Pipeline/Particles/Lit': fallback shader 'Universal Render Pipeline/Particles/SimpleLit' not found
Refreshing native plugins compatible for Editor in 0.49 ms, found 3 plugins.
Preloading 0 native plugins for Editor in 0.00 ms.
Unloading 2891 Unused Serialized files (Serialized files now loaded: 0)
System memory in use before: 132.6 MB.
System memory in use after: 130.4 MB.

Unloading 46 unused Assets to reduce memory usage. Loaded Objects now: 3488.
Total: 3.147700 ms (FindLiveObjects: 0.263200 ms CreateObjectMapping: 0.115000 ms MarkObjects: 1.703000 ms  DeleteObjects: 1.065100 ms)

AssetImportParameters requested are different than current active one (requested -> active):
  custom:graphics/normal-map-encoding: 01000000000000000000000000000000 -> 02000000000000000000000000000000
========================================================================
Received Prepare
Registering precompiled user dll's ...
Registered in 0.002200 seconds.
Begin MonoManager ReloadAssembly
Native extension for WindowsStandalone target not found
Refreshing native plugins compatible for Editor in 0.49 ms, found 3 plugins.
Preloading 0 native plugins for Editor in 0.00 ms.
Mono: successfully reloaded assembly
- Completed reload, in  0.876 seconds
Platform modules already initialized, skipping
Switching build target platform(19) subTarget(0) extendedPlatform(0) -> platform(13) subTarget(537395200) extendedPlatform(0)
Shader 'Universal Render Pipeline/Particles/Lit': fallback shader 'Universal Render Pipeline/Particles/SimpleLit' not found
Refreshing native plugins compatible for Editor in 0.51 ms, found 3 plugins.
Preloading 0 native plugins for Editor in 0.00 ms.
Unloading 2891 Unused Serialized files (Serialized files now loaded: 0)
System memory in use before: 132.6 MB.
System memory in use after: 130.4 MB.

Unloading 46 unused Assets to reduce memory usage. Loaded Objects now: 3491.
Total: 3.131100 ms (FindLiveObjects: 0.243800 ms CreateObjectMapping: 0.103000 ms MarkObjects: 1.702100 ms  DeleteObjects: 1.081500 ms)

AssetImportParameters requested are different than current active one (requested -> active):
  custom:graphics/normal-map-encoding: 01000000000000000000000000000000 -> 02000000000000000000000000000000
========================================================================
Received Prepare
Registering precompiled user dll's ...
Registered in 0.002105 seconds.
Begin MonoManager ReloadAssembly
Native extension for WindowsStandalone target not found
Refreshing native plugins compatible for Editor in 0.50 ms, found 3 plugins.
Preloading 0 native plugins for Editor in 0.00 ms.
Mono: successfully reloaded assembly
- Completed reload, in  0.893 seconds
Platform modules already initialized, skipping
Switching build target platform(19) subTarget(0) extendedPlatform(0) -> platform(13) subTarget(537395200) extendedPlatform(0)
Shader 'Universal Render Pipeline/Particles/Lit': fallback shader 'Universal Render Pipeline/Particles/SimpleLit' not found
Refreshing native plugins compatible for Editor in 0.48 ms, found 3 plugins.
Preloading 0 native plugins for Editor in 0.00 ms.
Unloading 2891 Unused Serialized files (Serialized files now loaded: 0)
System memory in use before: 132.6 MB.
System memory in use after: 130.4 MB.

Unloading 46 unused Assets to reduce memory usage. Loaded Objects now: 3494.
Total: 3.371000 ms (FindLiveObjects: 0.238900 ms CreateObjectMapping: 0.120700 ms MarkObjects: 1.858000 ms  DeleteObjects: 1.152500 ms)

AssetImportParameters requested are different than current active one (requested -> active):
  custom:graphics/normal-map-encoding: 01000000000000000000000000000000 -> 02000000000000000000000000000000
========================================================================
Received Prepare
Registering precompiled user dll's ...
Registered in 0.002094 seconds.
Begin MonoManager ReloadAssembly
Native extension for WindowsStandalone target not found
Refreshing native plugins compatible for Editor in 0.49 ms, found 3 plugins.
Preloading 0 native plugins for Editor in 0.00 ms.
Mono: successfully reloaded assembly
- Completed reload, in  0.875 seconds
Platform modules already initialized, skipping
Switching build target platform(19) subTarget(0) extendedPlatform(0) -> platform(13) subTarget(537395200) extendedPlatform(0)
Shader 'Universal Render Pipeline/Particles/Lit': fallback shader 'Universal Render Pipeline/Particles/SimpleLit' not found
Refreshing native plugins compatible for Editor in 0.49 ms, found 3 plugins.
Preloading 0 native plugins for Editor in 0.00 ms.
Unloading 2891 Unused Serialized files (Serialized files now loaded: 0)
System memory in use before: 132.6 MB.
System memory in use after: 130.4 MB.

Unloading 46 unused Assets to reduce memory usage. Loaded Objects now: 3497.
Total: 3.157100 ms (FindLiveObjects: 0.250000 ms CreateObjectMapping: 0.117400 ms MarkObjects: 1.694800 ms  DeleteObjects: 1.094100 ms)

AssetImportParameters requested are different than current active one (requested -> active):
  custom:graphics/normal-map-encoding: 01000000000000000000000000000000 -> 02000000000000000000000000000000
========================================================================
Received Prepare
Registering precompiled user dll's ...
Registered in 0.002194 seconds.
Begin MonoManager ReloadAssembly
Native extension for WindowsStandalone target not found
Refreshing native plugins compatible for Editor in 0.51 ms, found 3 plugins.
Preloading 0 native plugins for Editor in 0.00 ms.
Mono: successfully reloaded assembly
- Completed reload, in  0.878 seconds
Platform modules already initialized, skipping
Switching build target platform(19) subTarget(0) extendedPlatform(0) -> platform(13) subTarget(537395200) extendedPlatform(0)
Shader 'Universal Render Pipeline/Particles/Lit': fallback shader 'Universal Render Pipeline/Particles/SimpleLit' not found
Refreshing native plugins compatible for Editor in 0.50 ms, found 3 plugins.
Preloading 0 native plugins for Editor in 0.00 ms.
Unloading 2891 Unused Serialized files (Serialized files now loaded: 0)
System memory in use before: 132.6 MB.
System memory in use after: 130.4 MB.

Unloading 46 unused Assets to reduce memory usage. Loaded Objects now: 3500.
Total: 3.213900 ms (FindLiveObjects: 0.267400 ms CreateObjectMapping: 0.113600 ms MarkObjects: 1.723900 ms  DeleteObjects: 1.108400 ms)

AssetImportParameters requested are different than current active one (requested -> active):
  custom:graphics/normal-map-encoding: 01000000000000000000000000000000 -> 02000000000000000000000000000000
========================================================================
Received Prepare
Registering precompiled user dll's ...
Registered in 0.002682 seconds.
Begin MonoManager ReloadAssembly
Native extension for WindowsStandalone target not found
Refreshing native plugins compatible for Editor in 0.62 ms, found 3 plugins.
Preloading 0 native plugins for Editor in 0.00 ms.
Mono: successfully reloaded assembly
- Completed reload, in  1.004 seconds
Platform modules already initialized, skipping
Switching build target platform(19) subTarget(0) extendedPlatform(0) -> platform(13) subTarget(537395200) extendedPlatform(0)
Shader 'Universal Render Pipeline/Particles/Lit': fallback shader 'Universal Render Pipeline/Particles/SimpleLit' not found
Refreshing native plugins compatible for Editor in 0.50 ms, found 3 plugins.
Preloading 0 native plugins for Editor in 0.00 ms.
Unloading 2891 Unused Serialized files (Serialized files now loaded: 0)
System memory in use before: 132.7 MB.
System memory in use after: 130.4 MB.

Unloading 46 unused Assets to reduce memory usage. Loaded Objects now: 3503.
Total: 3.922000 ms (FindLiveObjects: 0.316800 ms CreateObjectMapping: 0.203800 ms MarkObjects: 2.151900 ms  DeleteObjects: 1.248300 ms)

AssetImportParameters requested are different than current active one (requested -> active):
  custom:graphics/normal-map-encoding: 01000000000000000000000000000000 -> 02000000000000000000000000000000
AssetImportWorkerClient::OnTransportError - code=2 error=End of file
